09:46:20 **** Build of configuration Debug for project TPFINAL_ED3 ****
make -r -j8 all 
Building file: ../src/TPFINAL_ED3.c
Building file: ../src/cr_startup_lpc175x_6x.c
Building file: ../src/crp.c
Invoking: MCU C Compiler
arm-none-eabi-gcc -DDEBUG -D__CODE_RED -DCORE_M3 -D__USE_CMSIS=CMSISv2p00_LPC17xx -D__LPC17XX__ -D__REDLIB__ -I"/home/mathrisk/Documents/MCUXpresso_11.4.0_6224/TPFINAL_ED3/CMSISv2p00_LPC17xx/inc" -O0 -fno-common -g3 -Wall -c -fmessage-length=0 -fno-builtin -ffunction-sections -fdata-sections -fmerge-constants -fmacro-prefix-map="../src/"=. -mcpu=cortex-m3 -mthumb -fstack-usage -specs=redlib.specs -MMD -MP -MF"src/TPFINAL_ED3.d" -MT"src/TPFINAL_ED3.o" -MT"src/TPFINAL_ED3.d" -o "src/TPFINAL_ED3.o" "../src/TPFINAL_ED3.c"
Invoking: MCU C Compiler
arm-none-eabi-gcc -DDEBUG -D__CODE_RED -DCORE_M3 -D__USE_CMSIS=CMSISv2p00_LPC17xx -D__LPC17XX__ -D__REDLIB__ -I"/home/mathrisk/Documents/MCUXpresso_11.4.0_6224/TPFINAL_ED3/CMSISv2p00_LPC17xx/inc" -O0 -fno-common -g3 -Wall -c -fmessage-length=0 -fno-builtin -ffunction-sections -fdata-sections -fmerge-constants -fmacro-prefix-map="../src/"=. -mcpu=cortex-m3 -mthumb -fstack-usage -specs=redlib.specs -MMD -MP -MF"src/cr_startup_lpc175x_6x.d" -MT"src/cr_startup_lpc175x_6x.o" -MT"src/cr_startup_lpc175x_6x.d" -o "src/cr_startup_lpc175x_6x.o" "../src/cr_startup_lpc175x_6x.c"
Invoking: MCU C Compiler
../src/TPFINAL_ED3.c:10:10: fatal error: lpc17xx_adc.h: No such file or directory
arm-none-eabi-gcc -DDEBUG -D__CODE_RED -DCORE_M3 -D__USE_CMSIS=CMSISv2p00_LPC17xx -D__LPC17XX__ -D__REDLIB__ -I"/home/mathrisk/Documents/MCUXpresso_11.4.0_6224/TPFINAL_ED3/CMSISv2p00_LPC17xx/inc" -O0 -fno-common -g3 -Wall -c -fmessage-length=0 -fno-builtin -ffunction-sections -fdata-sections -fmerge-constants -fmacro-prefix-map="../src/"=. -mcpu=cortex-m3 -mthumb -fstack-usage -specs=redlib.specs -MMD -MP -MF"src/crp.d" -MT"src/crp.o" -MT"src/crp.d" -o "src/crp.o" "../src/crp.c"
   10 | #include "lpc17xx_adc.h"
Finished building: ../src/crp.c
      |          ^~~~~~~~~~~~~~~
 
compilation terminated.
make: *** [src/subdir.mk:27: src/TPFINAL_ED3.o] Error 1
Finished building: ../src/cr_startup_lpc175x_6x.c
make: *** Waiting for unfinished jobs....
 
"make -r -j8 all" terminated with exit code 2. Build might be incomplete.

09:46:20 Build Failed. 3 errors, 0 warnings. (took 229ms)

